2016-01-17 01:27:27,925 - Null reference [template 'com/zhixin/code/generator/xml.vm', line 295, column 18] : ${item} cannot be resolved.
2016-01-17 01:27:27,925 - Null reference [template 'com/zhixin/code/generator/xml.vm', line 302, column 18] : ${item} cannot be resolved.
2016-01-17 01:27:27,925 - Null reference [template 'com/zhixin/code/generator/xml.vm', line 306, column 13] : ${direction} cannot be resolved.
2016-01-17 01:27:27,930 - ResourceManager : found com/zhixin/code/generator/dao.vm with loader org.apache.velocity.runtime.resource.loader.ClasspathResourceLoader
2016-01-17 01:27:27,943 - ResourceManager : found com/zhixin/code/generator/dao.impl.vm with loader org.apache.velocity.runtime.resource.loader.ClasspathResourceLoader
2016-01-17 01:27:27,951 - ResourceManager : found com/zhixin/code/generator/service.vm with loader org.apache.velocity.runtime.resource.loader.ClasspathResourceLoader
2016-01-17 01:27:27,972 - ResourceManager : found com/zhixin/code/generator/service.impl.vm with loader org.apache.velocity.runtime.resource.loader.ClasspathResourceLoader
2016-01-17 11:15:27,517 - Log4JLogChute initialized using file 'velocity.log'
2016-01-17 11:15:27,517 - Initializing Velocity, Calling init()...
2016-01-17 11:15:27,517 - Starting Apache Velocity v1.7 (compiled: 2010-11-19 12:14:37)
2016-01-17 11:15:27,517 - Default Properties File: org\apache\velocity\runtime\defaults\velocity.properties
2016-01-17 11:15:27,517 - Trying to use logger class org.apache.velocity.runtime.log.AvalonLogChute
2016-01-17 11:15:27,517 - Target log system for org.apache.velocity.runtime.log.AvalonLogChute is not available (java.lang.NoClassDefFoundError: org/apache/log/format/Formatter).  Falling back to next log system...
2016-01-17 11:15:27,517 - Trying to use logger class org.apache.velocity.runtime.log.Log4JLogChute
2016-01-17 11:15:27,517 - Using logger class org.apache.velocity.runtime.log.Log4JLogChute
2016-01-17 11:15:27,524 - ResourceLoader instantiated: org.apache.velocity.runtime.resource.loader.ClasspathResourceLoader
2016-01-17 11:15:27,542 - ResourceCache: initialized (class org.apache.velocity.runtime.resource.ResourceCacheImpl) with class java.util.Collections$SynchronizedMap cache map.
2016-01-17 11:15:27,544 - Loaded System Directive: org.apache.velocity.runtime.directive.Stop
2016-01-17 11:15:27,545 - Loaded System Directive: org.apache.velocity.runtime.directive.Define
2016-01-17 11:15:27,546 - Loaded System Directive: org.apache.velocity.runtime.directive.Break
2016-01-17 11:15:27,546 - Loaded System Directive: org.apache.velocity.runtime.directive.Evaluate
2016-01-17 11:15:27,547 - Loaded System Directive: org.apache.velocity.runtime.directive.Literal
2016-01-17 11:15:27,548 - Loaded System Directive: org.apache.velocity.runtime.directive.Macro
2016-01-17 11:15:27,550 - Loaded System Directive: org.apache.velocity.runtime.directive.Parse
2016-01-17 11:15:27,551 - Loaded System Directive: org.apache.velocity.runtime.directive.Include
2016-01-17 11:15:27,552 - Loaded System Directive: org.apache.velocity.runtime.directive.Foreach
2016-01-17 11:15:27,587 - Created '20' parsers.
2016-01-17 11:15:27,593 - Velocimacro : "velocimacro.library" is not set.  Trying default library: VM_global_library.vm
2016-01-17 11:15:27,594 - Could not load resource 'VM_global_library.vm' from ResourceLoader org.apache.velocity.runtime.resource.loader.ClasspathResourceLoader: ClasspathResourceLoader Error: cannot find resource VM_global_library.vm
2016-01-17 11:15:27,594 - Velocimacro : Default library not found.
2016-01-17 11:15:27,594 - Velocimacro : allowInline = true : VMs can be defined inline in templates
2016-01-17 11:15:27,594 - Velocimacro : allowInlineToOverride = false : VMs defined inline may NOT replace previous VM definitions
2016-01-17 11:15:27,594 - Velocimacro : allowInlineLocal = false : VMs defined inline will be global in scope if allowed.
2016-01-17 11:15:27,594 - Velocimacro : autoload off : VM system will not automatically reload global library macros
2016-01-17 11:15:27,628 - ResourceManager : found com/zhixin/code/generator/domain.vm with loader org.apache.velocity.runtime.resource.loader.ClasspathResourceLoader
2016-01-17 11:15:27,678 - ResourceManager : found com/zhixin/code/generator/entity.vm with loader org.apache.velocity.runtime.resource.loader.ClasspathResourceLoader
2016-01-17 11:15:27,748 - ResourceManager : found com/zhixin/code/generator/xml.vm with loader org.apache.velocity.runtime.resource.loader.ClasspathResourceLoader
2016-01-17 11:15:27,753 - Null reference [template 'com/zhixin/code/generator/xml.vm', line 215, column 45] : ${item.colName} cannot be resolved.
2016-01-17 11:15:27,753 - Null reference [template 'com/zhixin/code/generator/xml.vm', line 221, column 45] : ${item.colName} cannot be resolved.
2016-01-17 11:15:27,753 - Null reference [template 'com/zhixin/code/generator/xml.vm', line 224, column 43] : ${item.colName} cannot be resolved.
2016-01-17 11:15:27,753 - Null reference [template 'com/zhixin/code/generator/xml.vm', line 224, column 61] : ${item.dbOp} cannot be resolved.
2016-01-17 11:15:27,753 - Null reference [template 'com/zhixin/code/generator/xml.vm', line 232, column 34] : ${item} cannot be resolved.
2016-01-17 11:15:27,753 - Null reference [template 'com/zhixin/code/generator/xml.vm', line 236, column 25] : ${direction} cannot be resolved.
2016-01-17 11:15:27,753 - Null reference [template 'com/zhixin/code/generator/xml.vm', line 247, column 45] : ${item.colName} cannot be resolved.
2016-01-17 11:15:27,754 - Null reference [template 'com/zhixin/code/generator/xml.vm', line 253, column 45] : ${item.colName} cannot be resolved.
2016-01-17 11:15:27,754 - Null reference [template 'com/zhixin/code/generator/xml.vm', line 256, column 43] : ${item.colName} cannot be resolved.
2016-01-17 11:15:27,754 - Null reference [template 'com/zhixin/code/generator/xml.vm', line 256, column 61] : ${item.dbOp} cannot be resolved.
2016-01-17 11:15:27,754 - Null reference [template 'com/zhixin/code/generator/xml.vm', line 268, column 18] : ${item} cannot be resolved.
2016-01-17 11:15:27,754 - Null reference [template 'com/zhixin/code/generator/xml.vm', line 276, column 30] : ${item.colName} cannot be resolved.
2016-01-17 11:15:27,754 - Null reference [template 'com/zhixin/code/generator/xml.vm', line 283, column 30] : ${item.colName} cannot be resolved.
2016-01-17 11:15:27,754 - Null reference [template 'com/zhixin/code/generator/xml.vm', line 286, column 30] : ${item.colName} cannot be resolved.
2016-01-17 11:15:27,754 - Null reference [template 'com/zhixin/code/generator/xml.vm', line 286, column 47] : ${item.dbOp} cannot be resolved.
2016-01-17 11:15:27,754 - Null reference [template 'com/zhixin/code/generator/xml.vm', line 295, column 18] : ${item} cannot be resolved.
2016-01-17 11:15:27,754 - Null reference [template 'com/zhixin/code/generator/xml.vm', line 302, column 18] : ${item} cannot be resolved.
2016-01-17 11:15:27,754 - Null reference [template 'com/zhixin/code/generator/xml.vm', line 306, column 13] : ${direction} cannot be resolved.
2016-01-17 11:15:27,755 - ResourceManager : found com/zhixin/code/generator/dao.vm with loader org.apache.velocity.runtime.resource.loader.ClasspathResourceLoader
2016-01-17 11:15:27,775 - ResourceManager : found com/zhixin/code/generator/dao.impl.vm with loader org.apache.velocity.runtime.resource.loader.ClasspathResourceLoader
2016-01-17 11:15:27,776 - ResourceManager : found com/zhixin/code/generator/service.vm with loader org.apache.velocity.runtime.resource.loader.ClasspathResourceLoader
2016-01-17 11:15:27,813 - ResourceManager : found com/zhixin/code/generator/service.impl.vm with loader org.apache.velocity.runtime.resource.loader.ClasspathResourceLoader
2016-01-17 12:30:50,084 - Log4JLogChute initialized using file 'velocity.log'
2016-01-17 12:30:50,084 - Initializing Velocity, Calling init()...
2016-01-17 12:30:50,084 - Starting Apache Velocity v1.7 (compiled: 2010-11-19 12:14:37)
2016-01-17 12:30:50,084 - Default Properties File: org\apache\velocity\runtime\defaults\velocity.properties
2016-01-17 12:30:50,084 - Trying to use logger class org.apache.velocity.runtime.log.AvalonLogChute
2016-01-17 12:30:50,084 - Target log system for org.apache.velocity.runtime.log.AvalonLogChute is not available (java.lang.NoClassDefFoundError: org/apache/log/format/Formatter).  Falling back to next log system...
2016-01-17 12:30:50,084 - Trying to use logger class org.apache.velocity.runtime.log.Log4JLogChute
2016-01-17 12:30:50,084 - Using logger class org.apache.velocity.runtime.log.Log4JLogChute
2016-01-17 12:30:50,095 - ResourceLoader instantiated: org.apache.velocity.runtime.resource.loader.ClasspathResourceLoader
2016-01-17 12:30:50,114 - ResourceCache: initialized (class org.apache.velocity.runtime.resource.ResourceCacheImpl) with class java.util.Collections$SynchronizedMap cache map.
2016-01-17 12:30:50,116 - Loaded System Directive: org.apache.velocity.runtime.directive.Stop
2016-01-17 12:30:50,118 - Loaded System Directive: org.apache.velocity.runtime.directive.Define
2016-01-17 12:30:50,119 - Loaded System Directive: org.apache.velocity.runtime.directive.Break
2016-01-17 12:30:50,120 - Loaded System Directive: org.apache.velocity.runtime.directive.Evaluate
2016-01-17 12:30:50,121 - Loaded System Directive: org.apache.velocity.runtime.directive.Literal
2016-01-17 12:30:50,122 - Loaded System Directive: org.apache.velocity.runtime.directive.Macro
2016-01-17 12:30:50,124 - Loaded System Directive: org.apache.velocity.runtime.directive.Parse
2016-01-17 12:30:50,126 - Loaded System Directive: org.apache.velocity.runtime.directive.Include
2016-01-17 12:30:50,128 - Loaded System Directive: org.apache.velocity.runtime.directive.Foreach
2016-01-17 12:30:50,171 - Created '20' parsers.
2016-01-17 12:30:50,184 - Velocimacro : "velocimacro.library" is not set.  Trying default library: VM_global_library.vm
2016-01-17 12:30:50,185 - Could not load resource 'VM_global_library.vm' from ResourceLoader org.apache.velocity.runtime.resource.loader.ClasspathResourceLoader: ClasspathResourceLoader Error: cannot find resource VM_global_library.vm
2016-01-17 12:30:50,185 - Velocimacro : Default library not found.
2016-01-17 12:30:50,185 - Velocimacro : allowInline = true : VMs can be defined inline in templates
2016-01-17 12:30:50,185 - Velocimacro : allowInlineToOverride = false : VMs defined inline may NOT replace previous VM definitions
2016-01-17 12:30:50,185 - Velocimacro : allowInlineLocal = false : VMs defined inline will be global in scope if allowed.
2016-01-17 12:30:50,185 - Velocimacro : autoload off : VM system will not automatically reload global library macros
2016-01-17 12:30:50,258 - ResourceManager : found com/zhixin/code/generator/domain.vm with loader org.apache.velocity.runtime.resource.loader.ClasspathResourceLoader
2016-01-17 12:30:50,305 - ResourceManager : found com/zhixin/code/generator/entity.vm with loader org.apache.velocity.runtime.resource.loader.ClasspathResourceLoader
2016-01-17 12:30:50,441 - ResourceManager : found com/zhixin/code/generator/xml.vm with loader org.apache.velocity.runtime.resource.loader.ClasspathResourceLoader
2016-01-17 12:30:50,446 - Null reference [template 'com/zhixin/code/generator/xml.vm', line 215, column 45] : ${item.colName} cannot be resolved.
2016-01-17 12:30:50,446 - Null reference [template 'com/zhixin/code/generator/xml.vm', line 221, column 45] : ${item.colName} cannot be resolved.
2016-01-17 12:30:50,446 - Null reference [template 'com/zhixin/code/generator/xml.vm', line 224, column 43] : ${item.colName} cannot be resolved.
2016-01-17 12:30:50,446 - Null reference [template 'com/zhixin/code/generator/xml.vm', line 224, column 61] : ${item.dbOp} cannot be resolved.
2016-01-17 12:30:50,446 - Null reference [template 'com/zhixin/code/generator/xml.vm', line 232, column 34] : ${item} cannot be resolved.
2016-01-17 12:30:50,446 - Null reference [template 'com/zhixin/code/generator/xml.vm', line 236, column 25] : ${direction} cannot be resolved.
2016-01-17 12:30:50,446 - Null reference [template 'com/zhixin/code/generator/xml.vm', line 247, column 45] : ${item.colName} cannot be resolved.
2016-01-17 12:30:50,446 - Null reference [template 'com/zhixin/code/generator/xml.vm', line 253, column 45] : ${item.colName} cannot be resolved.
2016-01-17 12:30:50,446 - Null reference [template 'com/zhixin/code/generator/xml.vm', line 256, column 43] : ${item.colName} cannot be resolved.
2016-01-17 12:30:50,446 - Null reference [template 'com/zhixin/code/generator/xml.vm', line 256, column 61] : ${item.dbOp} cannot be resolved.
2016-01-17 12:30:50,446 - Null reference [template 'com/zhixin/code/generator/xml.vm', line 268, column 18] : ${item} cannot be resolved.
2016-01-17 12:30:50,446 - Null reference [template 'com/zhixin/code/generator/xml.vm', line 276, column 30] : ${item.colName} cannot be resolved.
2016-01-17 12:30:50,446 - Null reference [template 'com/zhixin/code/generator/xml.vm', line 283, column 30] : ${item.colName} cannot be resolved.
2016-01-17 12:30:50,446 - Null reference [template 'com/zhixin/code/generator/xml.vm', line 286, column 30] : ${item.colName} cannot be resolved.
2016-01-17 12:30:50,446 - Null reference [template 'com/zhixin/code/generator/xml.vm', line 286, column 47] : ${item.dbOp} cannot be resolved.
2016-01-17 12:30:50,446 - Null reference [template 'com/zhixin/code/generator/xml.vm', line 295, column 18] : ${item} cannot be resolved.
2016-01-17 12:30:50,446 - Null reference [template 'com/zhixin/code/generator/xml.vm', line 302, column 18] : ${item} cannot be resolved.
2016-01-17 12:30:50,446 - Null reference [template 'com/zhixin/code/generator/xml.vm', line 306, column 13] : ${direction} cannot be resolved.
2016-01-17 12:30:50,450 - ResourceManager : found com/zhixin/code/generator/dao.vm with loader org.apache.velocity.runtime.resource.loader.ClasspathResourceLoader
2016-01-17 12:30:50,456 - ResourceManager : found com/zhixin/code/generator/dao.impl.vm with loader org.apache.velocity.runtime.resource.loader.ClasspathResourceLoader
2016-01-17 12:30:50,462 - ResourceManager : found com/zhixin/code/generator/service.vm with loader org.apache.velocity.runtime.resource.loader.ClasspathResourceLoader
2016-01-17 12:30:50,471 - ResourceManager : found com/zhixin/code/generator/service.impl.vm with loader org.apache.velocity.runtime.resource.loader.ClasspathResourceLoader
