#
# A fatal error has been detected by the Java Runtime Environment:
#
#  EXCEPTION_ACCESS_VIOLATION (0xc0000005) at pc=0x000000005b913b8b, pid=11732, tid=14864
#
# JRE version: Java(TM) SE Runtime Environment (7.0_67-b01) (build 1.7.0_67-b01)
# Java VM: Java HotSpot(TM) 64-Bit Server VM (24.65-b04 mixed mode windows-amd64 compressed oops)
# Problematic frame:
# V  [jvm.dll+0x143b8b]
#
# Failed to write core dump. Minidumps are not enabled by default on client versions of Windows
#
# If you would like to submit a bug report, please visit:
#   http://bugreport.sun.com/bugreport/crash.jsp
#

---------------  T H R E A D  ---------------

Current thread (0x0000000010ef5000):  JavaThread "JDWP Transport Listener: dt_socket" daemon [_thread_in_vm, id=14864, stack(0x0000000012820000,0x0000000012920000)]

siginfo: ExceptionCode=0xc0000005, reading address 0xffffffffffffffff

Registers:
RAX=0xfefefefefefefefe, RBX=0x4808408a45c08b49, RCX=0x00000000628498c0, RDX=0x0000000000000000
RSP=0x000000001291f790, RBP=0x00000000628498c0, RSI=0x000000001291f8a8, RDI=0x0000000002508e30
R8 =0x0000000010ef5000, R9 =0x0000000000000700, R10=0x0000000000000000, R11=0x0800199a01070052
R12=0x0000000000000000, R13=0x0000000002450f58, R14=0x0000000000000000, R15=0x0000000000000000
RIP=0x000000005b913b8b, EFLAGS=0x0000000000010202

Top of Stack: (sp=0x000000001291f790)
0x000000001291f790:   0000000010ef5000 000000000000000a
0x000000001291f7a0:   000000001291f858 000000005bab4dd9
0x000000001291f7b0:   0000000010ef5000 000000005bad2982
0x000000001291f7c0:   0000000000000000 0000000062848e8d
0x000000001291f7d0:   0000000010f01688 0000000062852666
0x000000001291f7e0:   0000000010ef5000 0000000000000000
0x000000001291f7f0:   0000000000000000 0000000000000000
0x000000001291f800:   00000000628498c0 000000006285175d
0x000000001291f810:   000000001291f8a8 000000001291f880
0x000000001291f820:   0000000000000001 0000000010f01688
0x000000001291f830:   00000000628498c0 00000000628353b3
0x000000001291f840:   000000001291f970 0000000000000001
0x000000001291f850:   0000000000000001 0000000010f01688
0x000000001291f860:   0000000000000002 0000000000000000
0x000000001291f870:   0000000000000000 0000000000000000
0x000000001291f880:   0000000000000001 0000000062835571 

Instructions: (pc=0x000000005b913b8b)
0x000000005b913b6b:   48 8b 19 48 85 db 74 4c 48 b8 fe fe fe fe fe fe
0x000000005b913b7b:   fe fe 48 3b d8 74 3d 80 3d 0f 04 61 00 00 74 15
0x000000005b913b8b:   8b 43 08 8b 0d 24 0d 5b 00 48 d3 e0 48 03 05 12
0x000000005b913b9b:   0d 5b 00 eb 04 48 8b 43 08 48 8b 50 10 48 8d 48 


Register to memory mapping:

RAX=0xfefefefefefefefe is an unknown value
RBX=0x4808408a45c08b49 is an unknown value
RCX=0x00000000628498c0 is an unknown value
RDX=0x0000000000000000 is an unknown value
RSP=0x000000001291f790 is pointing into the stack for thread: 0x0000000010ef5000
RBP=0x00000000628498c0 is an unknown value
RSI=0x000000001291f8a8 is pointing into the stack for thread: 0x0000000010ef5000
RDI=0x0000000002508e30 is an unknown value
R8 =0x0000000010ef5000 is a thread
R9 =0x0000000000000700 is an unknown value
R10=0x0000000000000000 is an unknown value
R11=0x0800199a01070052 is an unknown value
R12=0x0000000000000000 is an unknown value
R13=0x0000000002450f58 is an unknown value
R14=0x0000000000000000 is an unknown value
R15=0x0000000000000000 is an unknown value


Stack: [0x0000000012820000,0x0000000012920000],  sp=0x000000001291f790,  free space=1021k
Native frames: (J=compiled Java code, j=interpreted, Vv=VM code, C=native code)
V  [jvm.dll+0x143b8b]


---------------  P R O C E S S  ---------------

Java Threads: ( => current thread )
  0x0000000013241000 JavaThread "ReaderThread" [_thread_in_native, id=15088, stack(0x0000000013b00000,0x0000000013c00000)]
  0x0000000010f18800 JavaThread "Service Thread" daemon [_thread_blocked, id=14072, stack(0x0000000012f50000,0x0000000013050000)]
  0x0000000010f17800 JavaThread "C2 CompilerThread1" daemon [_thread_blocked, id=12556, stack(0x0000000012da0000,0x0000000012ea0000)]
  0x0000000010f16000 JavaThread "C2 CompilerThread0" daemon [_thread_blocked, id=12356, stack(0x0000000012c30000,0x0000000012d30000)]
  0x0000000010f03800 JavaThread "JDWP Command Reader" daemon [_thread_in_native, id=11872, stack(0x0000000012b10000,0x0000000012c10000)]
  0x0000000010f00800 JavaThread "JDWP Event Helper Thread" daemon [_thread_blocked, id=14176, stack(0x00000000129f0000,0x0000000012af0000)]
=>0x0000000010ef5000 JavaThread "JDWP Transport Listener: dt_socket" daemon [_thread_in_vm, id=14864, stack(0x0000000012820000,0x0000000012920000)]
  0x0000000010eed800 JavaThread "Attach Listener" daemon [_thread_blocked, id=13720, stack(0x0000000012480000,0x0000000012580000)]
  0x0000000010edd000 JavaThread "Signal Dispatcher" daemon [_thread_blocked, id=9496, stack(0x0000000012050000,0x0000000012150000)]
  0x000000000ff39000 JavaThread "Finalizer" daemon [_thread_blocked, id=12756, stack(0x0000000012210000,0x0000000012310000)]
  0x000000000ff30800 JavaThread "Reference Handler" daemon [_thread_blocked, id=14344, stack(0x0000000011f50000,0x0000000012050000)]
  0x000000000242a800 JavaThread "main" [_thread_blocked, id=10492, stack(0x0000000002690000,0x0000000002790000)]

Other Threads:
  0x00000000024bc800 VMThread [stack: 0x0000000011e10000,0x0000000011f10000] [id=15076]
  0x0000000010f33800 WatcherThread [stack: 0x00000000130b0000,0x00000000131b0000] [id=14944]

VM state:not at safepoint (normal execution)

VM Mutex/Monitor currently owned by a thread: None

Heap
 PSYoungGen      total 76288K, used 14445K [0x00000007ab200000, 0x00000007b0700000, 0x0000000800000000)
  eden space 65536K, 22% used [0x00000007ab200000,0x00000007ac01b7b0,0x00000007af200000)
  from space 10752K, 0% used [0x00000007afc80000,0x00000007afc80000,0x00000007b0700000)
  to   space 10752K, 0% used [0x00000007af200000,0x00000007af200000,0x00000007afc80000)
 ParOldGen       total 173568K, used 0K [0x0000000701600000, 0x000000070bf80000, 0x00000007ab200000)
  object space 173568K, 0% used [0x0000000701600000,0x0000000701600000,0x000000070bf80000)
 PSPermGen       total 21504K, used 5249K [0x00000006fc400000, 0x00000006fd900000, 0x0000000701600000)
  object space 21504K, 24% used [0x00000006fc400000,0x00000006fc9205f8,0x00000006fd900000)

Card table byte_map: [0x0000000005790000,0x0000000005fb0000] byte_map_base: 0x0000000001fae000

Polling page: 0x0000000000130000

Code Cache  [0x0000000002790000, 0x0000000002a00000, 0x0000000005790000)
 total_blobs=276 nmethods=45 adapters=192 free_code_cache=48612Kb largest_free_block=49736832

Compilation events (10 events):
Event: 0.698 Thread 0x0000000010f17800 nmethod 40 0x0000000002812110 code [0x0000000002812280, 0x00000000028131c8]
Event: 0.698 Thread 0x0000000010f17800   42             java.io.InputStreamReader::ready (8 bytes)
Event: 0.700 Thread 0x0000000010f17800 nmethod 42 0x0000000002805690 code [0x00000000028057e0, 0x0000000002805cc8]
Event: 0.700 Thread 0x0000000010f17800   43   !         sun.nio.cs.StreamDecoder::ready (38 bytes)
Event: 0.702 Thread 0x0000000010f17800 nmethod 43 0x000000000280c350 code [0x000000000280c4a0, 0x000000000280c908]
Event: 0.702 Thread 0x0000000010f17800   44             sun.nio.cs.UTF_8$Encoder::encodeArrayLoop (489 bytes)
Event: 0.714 Thread 0x0000000010f17800 nmethod 44 0x0000000002806710 code [0x00000000028068c0, 0x0000000002807290]
Event: 0.714 Thread 0x0000000010f17800   45   !         com.zhixin.service.task.command.FFmpegHelper::executeFFmpegCommand (250 bytes)
Event: 0.725 Thread 0x0000000010f17800 nmethod 45 0x0000000002813d10 code [0x0000000002813fa0, 0x0000000002814c68]
Event: 0.730 Thread 0x0000000010f16000 nmethod 41 0x000000000281bb90 code [0x000000000281be80, 0x000000000281e5d0]

GC Heap History (0 events):
No events

Deoptimization events (0 events):
No events

Internal exceptions (10 events):
Event: 0.307 Thread 0x000000000242a800 Threw 0x00000007abdbf168 at C:\re\jdk7u67\1368\hotspot\src\share\vm\prims\jvm.cpp:1244
Event: 0.362 Thread 0x000000000242a800 Threw 0x00000007abdeaca0 at C:\re\jdk7u67\1368\hotspot\src\share\vm\prims\jvm.cpp:1244
Event: 0.364 Thread 0x000000000242a800 Threw 0x00000007abdff628 at C:\re\jdk7u67\1368\hotspot\src\share\vm\prims\jvm.cpp:1244
Event: 0.365 Thread 0x000000000242a800 Threw 0x00000007abe0a108 at C:\re\jdk7u67\1368\hotspot\src\share\vm\prims\jvm.cpp:1244
Event: 0.366 Thread 0x000000000242a800 Threw 0x00000007abe16348 at C:\re\jdk7u67\1368\hotspot\src\share\vm\prims\jvm.cpp:1244
Event: 0.367 Thread 0x000000000242a800 Threw 0x00000007abe23068 at C:\re\jdk7u67\1368\hotspot\src\share\vm\prims\jvm.cpp:1244
Event: 0.368 Thread 0x000000000242a800 Threw 0x00000007abe2e7e8 at C:\re\jdk7u67\1368\hotspot\src\share\vm\prims\jvm.cpp:1244
Event: 0.369 Thread 0x000000000242a800 Threw 0x00000007abe41740 at C:\re\jdk7u67\1368\hotspot\src\share\vm\prims\jvm.cpp:1244
Event: 0.371 Thread 0x000000000242a800 Threw 0x00000007abe4e390 at C:\re\jdk7u67\1368\hotspot\src\share\vm\prims\jvm.cpp:1244
Event: 0.372 Thread 0x000000000242a800 Threw 0x00000007abe59428 at C:\re\jdk7u67\1368\hotspot\src\share\vm\prims\jvm.cpp:1244

Events (10 events):
Event: 79.622 Executing VM operation: GetCurrentLocation
Event: 79.622 Executing VM operation: GetCurrentLocation done
Event: 79.622 Executing VM operation: EnterInterpOnlyMode
Event: 79.622 Executing VM operation: EnterInterpOnlyMode done
Event: 79.622 Executing VM operation: ChangeSingleStep
Event: 79.622 Executing VM operation: ChangeSingleStep done
Event: 79.622 Executing VM operation: ChangeSingleStep
Event: 79.622 Executing VM operation: ChangeSingleStep done
Event: 79.627 Executing VM operation: RedefineClasses
Event: 79.628 Executing VM operation: RedefineClasses done


Dynamic libraries:
0x000000013ff90000 - 0x000000013ffc3000 	C:\Program Files\Java\jdk1.7.0_67\bin\javaw.exe
0x00000000770b0000 - 0x0000000077259000 	C:\Windows\SYSTEM32\ntdll.dll
0x0000000076e90000 - 0x0000000076fb0000 	C:\Windows\system32\kernel32.dll
0x000007fefd350000 - 0x000007fefd3bc000 	C:\Windows\system32\KERNELBASE.dll
0x000007fefe690000 - 0x000007fefe76b000 	C:\Windows\system32\ADVAPI32.dll
0x000007fefd740000 - 0x000007fefd7df000 	C:\Windows\system32\msvcrt.dll
0x000007fefd720000 - 0x000007fefd73f000 	C:\Windows\SYSTEM32\sechost.dll
0x000007fefef90000 - 0x000007feff0bd000 	C:\Windows\system32\RPCRT4.dll
0x0000000076fb0000 - 0x00000000770aa000 	C:\Windows\system32\USER32.dll
0x000007fefef20000 - 0x000007fefef87000 	C:\Windows\system32\GDI32.dll
0x000007fefe950000 - 0x000007fefe95e000 	C:\Windows\system32\LPK.dll
0x000007fefea90000 - 0x000007fefeb5a000 	C:\Windows\system32\USP10.dll
0x000007fefba30000 - 0x000007fefbc24000 	C:\Windows\WinSxS\amd64_microsoft.windows.common-controls_6595b64144ccf1df_6.0.7601.18837_none_fa3b1e3d17594757\COMCTL32.dll
0x000007fefd6a0000 - 0x000007fefd711000 	C:\Windows\system32\SHLWAPI.dll
0x000007fefeb60000 - 0x000007fefeb8e000 	C:\Windows\system32\IMM32.DLL
0x000007feff250000 - 0x000007feff359000 	C:\Windows\system32\MSCTF.dll
0x0000000061cb0000 - 0x0000000061d82000 	C:\Program Files\Java\jdk1.7.0_67\jre\bin\msvcr100.dll
0x000000005b7d0000 - 0x000000005bfa2000 	C:\Program Files\Java\jdk1.7.0_67\jre\bin\server\jvm.dll
0x000007fef5440000 - 0x000007fef5449000 	C:\Windows\system32\WSOCK32.dll
0x000007fefe620000 - 0x000007fefe66d000 	C:\Windows\system32\WS2_32.dll
0x000007fefe610000 - 0x000007fefe618000 	C:\Windows\system32\NSI.dll
0x000007fefb090000 - 0x000007fefb0cb000 	C:\Windows\system32\WINMM.dll
0x0000000077270000 - 0x0000000077277000 	C:\Windows\system32\PSAPI.DLL
0x00000000735f0000 - 0x00000000735ff000 	C:\Program Files\Java\jdk1.7.0_67\jre\bin\verify.dll
0x0000000062cb0000 - 0x0000000062cd8000 	C:\Program Files\Java\jdk1.7.0_67\jre\bin\java.dll
0x0000000062830000 - 0x0000000062865000 	C:\Program Files\Java\jdk1.7.0_67\jre\bin\jdwp.dll
0x00000000724d0000 - 0x00000000724d8000 	C:\Program Files\Java\jdk1.7.0_67\jre\bin\npt.dll
0x0000000062a70000 - 0x0000000062a85000 	C:\Program Files\Java\jdk1.7.0_67\jre\bin\zip.dll
0x0000000073430000 - 0x0000000073439000 	C:\Program Files\Java\jdk1.7.0_67\jre\bin\dt_socket.dll
0x000007fefb0d0000 - 0x000007fefb0e5000 	C:\Windows\system32\NLAapi.dll
0x000007fef8440000 - 0x000007fef8455000 	C:\Windows\system32\napinsp.dll
0x000007fef83b0000 - 0x000007fef83c9000 	C:\Windows\system32\pnrpnsp.dll
0x000007fef8300000 - 0x000007fef8310000 	C:\Windows\system32\wshbth.dll
0x000007fefc820000 - 0x000007fefc875000 	C:\Windows\System32\mswsock.dll
0x000007fefc6a0000 - 0x000007fefc6fb000 	C:\Windows\system32\DNSAPI.dll
0x000007fef82f0000 - 0x000007fef82fb000 	C:\Windows\System32\winrnr.dll
0x000007fef99a0000 - 0x000007fef99c7000 	C:\Windows\system32\IPHLPAPI.DLL
0x000007fef9990000 - 0x000007fef999b000 	C:\Windows\system32\WINNSI.DLL
0x000007fef9820000 - 0x000007fef9873000 	C:\Windows\System32\fwpuclnt.dll
0x000007fef8bb0000 - 0x000007fef8bb8000 	C:\Windows\system32\rasadhlp.dll
0x000007fefc1c0000 - 0x000007fefc1c7000 	C:\Windows\System32\wshtcpip.dll
0x0000000072490000 - 0x00000000724a9000 	C:\Program Files\Java\jdk1.7.0_67\jre\bin\net.dll
0x000007fefc810000 - 0x000007fefc817000 	C:\Windows\System32\wship6.dll
0x000007fefce80000 - 0x000007fefced7000 	C:\Windows\system32\apphelp.dll
0x000007fefc880000 - 0x000007fefc897000 	C:\Windows\system32\CRYPTSP.dll
0x000007fefc580000 - 0x000007fefc5c7000 	C:\Windows\system32\rsaenh.dll
0x000007fefc2f0000 - 0x000007fefc30e000 	C:\Windows\system32\USERENV.dll
0x000007fefcfb0000 - 0x000007fefcfbf000 	C:\Windows\system32\profapi.dll
0x000007fefcee0000 - 0x000007fefceef000 	C:\Windows\system32\CRYPTBASE.dll
0x000007fef97a0000 - 0x000007fef97b8000 	C:\Windows\system32\dhcpcsvc.DLL
0x000007fef9780000 - 0x000007fef9791000 	C:\Windows\system32\dhcpcsvc6.DLL
0x0000000062a50000 - 0x0000000062a61000 	C:\Program Files\Java\jdk1.7.0_67\jre\bin\nio.dll
0x000007fef8be0000 - 0x000007fef8d05000 	C:\Windows\system32\dbghelp.dll

VM Arguments:
jvm_args: -agentlib:jdwp=transport=dt_socket,suspend=y,address=localhost:49443 -Dfile.encoding=UTF-8 
java_command: org.eclipse.jdt.internal.junit.runner.RemoteTestRunner -version 3 -port 45787 -testLoaderClass org.eclipse.jdt.internal.junit4.runner.JUnit4TestLoader -loaderpluginname org.eclipse.jdt.junit4.runtime -classNames com.zhixin.service.task.Test.MergeVedioCommandTest
Launcher Type: SUN_STANDARD

Environment Variables:
JAVA_HOME=C:\Program Files\Java\jdk1.7.0_67
CLASSPATH=.;C:\Program Files\Java\jdk1.7.0_67/lib;C:\Program Files\Java\jdk1.7.0_67/lib/dt.jar;C:\Program Files\Java\jdk1.7.0_67/lib/tools.jar;C:\download\mysql-connector-java-3.1.14 
PATH=C:\Program Files\Java\jdk1.7.0_67\jre\bin;C:/Program Files/Java/jdk1.7.0_67/bin/../jre/bin/server;C:/Program Files/Java/jdk1.7.0_67/bin/../jre/bin;C:/Program Files/Java/jdk1.7.0_67/bin/../jre/lib/amd64;C:\R3\project-V2\FGetFeatures\Release;C:\Program Files (x86)\SepanderSoft;C:\apache-maven-3.3.3-bin\bin;C:\Program Files\Java\jdk1.7.0_67/bin;C:\Program Files\Java\jdk1.7.0_67/jre/bin;C:\Windows\system32;C:\Windows;C:\Windows\System32\Wbem;C:\Windows\System32\WindowsPowerShell\v1.0\;c:\Program Files (x86)\Microsoft SQL Server\100\Tools\Binn\;c:\Program Files\Microsoft SQL Server\100\Tools\Binn\;c:\Program Files\Microsoft SQL Server\100\DTS\Binn\;MYSQL_HOME\bin;C:\Program Files (x86)\MySQL\MySQL Fabric 1.5 & MySQL Utilities 1.5\;C:\Program Files (x86)\MySQL\MySQL Fabric 1.5 & MySQL Utilities 1.5\Doctrine extensions for PHP\;;C:\eclipse;
USERNAME=pp
OS=Windows_NT
PROCESSOR_IDENTIFIER=Intel64 Family 6 Model 70 Stepping 1, GenuineIntel



---------------  S Y S T E M  ---------------

OS: Windows 7 , 64 bit Build 7601 Service Pack 1

CPU:total 8 (4 cores per cpu, 2 threads per core) family 6 model 70 stepping 1, cmov, cx8, fxsr, mmx, sse, sse2, sse3, ssse3, sse4.1, sse4.2, popcnt, avx, avx2, aes, erms, ht, tsc, tscinvbit

Memory: 4k page, physical 16683700k(11313556k free), swap 33365564k(25549740k free)

vm_info: Java HotSpot(TM) 64-Bit Server VM (24.65-b04) for windows-amd64 JRE (1.7.0_67-b01), built on Jul 25 2014 08:55:00 by "java_re" with unknown MS VC++:1600

time: Sun Jan 17 20:52:41 2016
elapsed time: 79 seconds

