#
# A fatal error has been detected by the Java Runtime Environment:
#
#  EXCEPTION_ACCESS_VIOLATION (0xc0000005) at pc=0x000000005b913b6b, pid=14928, tid=13704
#
# JRE version: Java(TM) SE Runtime Environment (7.0_67-b01) (build 1.7.0_67-b01)
# Java VM: Java HotSpot(TM) 64-Bit Server VM (24.65-b04 mixed mode windows-amd64 compressed oops)
# Problematic frame:
# V  [jvm.dll+0x143b6b]
#
# Failed to write core dump. Minidumps are not enabled by default on client versions of Windows
#
# If you would like to submit a bug report, please visit:
#   http://bugreport.sun.com/bugreport/crash.jsp
#

---------------  T H R E A D  ---------------

Current thread (0x0000000010d6f800):  JavaThread "JDWP Transport Listener: dt_socket" daemon [_thread_in_vm, id=13704, stack(0x00000000127e0000,0x00000000128e0000)]

siginfo: ExceptionCode=0xc0000005, reading address 0xffffffffffffffff

Registers:
RAX=0x00000000128df601, RBX=0x0000000010d6f800, RCX=0x5629003b7373003b, RDX=0x0000000000000000
RSP=0x00000000128df6a0, RBP=0x5629003b7373003b, RSI=0x00000000128df7b8, RDI=0x0000000000158e30
R8 =0x0000000010d6f800, R9 =0x0000000000000700, R10=0x0000000000000000, R11=0x70001422001a004c
R12=0x0000000000000000, R13=0x0000000002610f58, R14=0x0000000000000000, R15=0x0000000000000000
RIP=0x000000005b913b6b, EFLAGS=0x0000000000010202

Top of Stack: (sp=0x00000000128df6a0)
0x00000000128df6a0:   0000000010d6f800 000000000000000b
0x00000000128df6b0:   00000000128df768 000000005bab4dd9
0x00000000128df6c0:   0000000010d6f800 000000005bad2982
0x00000000128df6d0:   0000000000000000 0000000062b48e8d
0x00000000128df6e0:   0000000010d82028 0000000062b52666
0x00000000128df6f0:   0000000010d6f800 0000000000000000
0x00000000128df700:   0000000000000000 0000000000000000
0x00000000128df710:   5629003b7373003b 0000000062b5175d
0x00000000128df720:   00000000128df7b8 00000000128df790
0x00000000128df730:   0000000000000001 0000000010d82028
0x00000000128df740:   5629003b7373003b 0000000062b353b3
0x00000000128df750:   00000000128df880 0000000000000001
0x00000000128df760:   0000000000000001 0000000010d82028
0x00000000128df770:   0000000000000009 0000000000000000
0x00000000128df780:   0000000000000000 0000000000000000
0x00000000128df790:   0000000000000001 0000000062b35571 

Instructions: (pc=0x000000005b913b6b)
0x000000005b913b4b:   48 8b 5c 24 30 48 89 47 18 48 83 c4 20 5f c3 cc
0x000000005b913b5b:   cc cc cc cc cc 40 53 48 83 ec 20 48 85 c9 74 54
0x000000005b913b6b:   48 8b 19 48 85 db 74 4c 48 b8 fe fe fe fe fe fe
0x000000005b913b7b:   fe fe 48 3b d8 74 3d 80 3d 0f 04 61 00 00 74 15 


Register to memory mapping:

RAX=0x00000000128df601 is pointing into the stack for thread: 0x0000000010d6f800
RBX=0x0000000010d6f800 is a thread
RCX=0x5629003b7373003b is an unknown value
RDX=0x0000000000000000 is an unknown value
RSP=0x00000000128df6a0 is pointing into the stack for thread: 0x0000000010d6f800
RBP=0x5629003b7373003b is an unknown value
RSI=0x00000000128df7b8 is pointing into the stack for thread: 0x0000000010d6f800
RDI=0x0000000000158e30 is an unknown value
R8 =0x0000000010d6f800 is a thread
R9 =0x0000000000000700 is an unknown value
R10=0x0000000000000000 is an unknown value
R11=0x70001422001a004c is an unknown value
R12=0x0000000000000000 is an unknown value
R13=0x0000000002610f58 is an unknown value
R14=0x0000000000000000 is an unknown value
R15=0x0000000000000000 is an unknown value


Stack: [0x00000000127e0000,0x00000000128e0000],  sp=0x00000000128df6a0,  free space=1021k
Native frames: (J=compiled Java code, j=interpreted, Vv=VM code, C=native code)
V  [jvm.dll+0x143b6b]


---------------  P R O C E S S  ---------------

Java Threads: ( => current thread )
  0x0000000013234000 JavaThread "ReaderThread" [_thread_in_native, id=13624, stack(0x0000000013980000,0x0000000013a80000)]
  0x0000000010d9a800 JavaThread "Service Thread" daemon [_thread_blocked, id=11932, stack(0x0000000012e80000,0x0000000012f80000)]
  0x0000000010d99800 JavaThread "C2 CompilerThread1" daemon [_thread_blocked, id=14364, stack(0x0000000012d00000,0x0000000012e00000)]
  0x0000000010d98000 JavaThread "C2 CompilerThread0" daemon [_thread_blocked, id=13368, stack(0x0000000012590000,0x0000000012690000)]
  0x0000000010d84000 JavaThread "JDWP Command Reader" daemon [_thread_in_native, id=9060, stack(0x0000000012ba0000,0x0000000012ca0000)]
  0x0000000010d7d000 JavaThread "JDWP Event Helper Thread" daemon [_thread_blocked, id=8084, stack(0x0000000012a20000,0x0000000012b20000)]
=>0x0000000010d6f800 JavaThread "JDWP Transport Listener: dt_socket" daemon [_thread_in_vm, id=13704, stack(0x00000000127e0000,0x00000000128e0000)]
  0x000000000fcbd000 JavaThread "Attach Listener" daemon [_thread_blocked, id=14600, stack(0x00000000121b0000,0x00000000122b0000)]
  0x0000000010d68000 JavaThread "Signal Dispatcher" daemon [_thread_blocked, id=12152, stack(0x00000000122b0000,0x00000000123b0000)]
  0x000000000267c800 JavaThread "Finalizer" daemon [_thread_blocked, id=11768, stack(0x0000000012090000,0x0000000012190000)]
  0x000000000267b000 JavaThread "Reference Handler" daemon [_thread_blocked, id=14480, stack(0x0000000011e10000,0x0000000011f10000)]
  0x00000000025ea800 JavaThread "main" [_thread_blocked, id=14924, stack(0x00000000026e0000,0x00000000027e0000)]

Other Threads:
  0x000000000fc9c800 VMThread [stack: 0x0000000011cb0000,0x0000000011db0000] [id=11772]
  0x0000000010db6000 WatcherThread [stack: 0x0000000013070000,0x0000000013170000] [id=14080]

VM state:not at safepoint (normal execution)

VM Mutex/Monitor currently owned by a thread: None

Heap
 PSYoungGen      total 76288K, used 14438K [0x00000007ab200000, 0x00000007b0700000, 0x0000000800000000)
  eden space 65536K, 22% used [0x00000007ab200000,0x00000007ac019808,0x00000007af200000)
  from space 10752K, 0% used [0x00000007afc80000,0x00000007afc80000,0x00000007b0700000)
  to   space 10752K, 0% used [0x00000007af200000,0x00000007af200000,0x00000007afc80000)
 ParOldGen       total 173568K, used 0K [0x0000000701600000, 0x000000070bf80000, 0x00000007ab200000)
  object space 173568K, 0% used [0x0000000701600000,0x0000000701600000,0x000000070bf80000)
 PSPermGen       total 21504K, used 5248K [0x00000006fc400000, 0x00000006fd900000, 0x0000000701600000)
  object space 21504K, 24% used [0x00000006fc400000,0x00000006fc920218,0x00000006fd900000)

Card table byte_map: [0x00000000057e0000,0x0000000006000000] byte_map_base: 0x0000000001ffe000

Polling page: 0x0000000000120000

Code Cache  [0x00000000027e0000, 0x0000000002a50000, 0x00000000057e0000)
 total_blobs=276 nmethods=45 adapters=192 free_code_cache=48611Kb largest_free_block=49741312

Compilation events (10 events):
Event: 0.823 Thread 0x0000000010d99800 nmethod 40 0x000000000285a6d0 code [0x000000000285a840, 0x000000000285b788]
Event: 0.823 Thread 0x0000000010d99800   42             java.io.InputStreamReader::ready (8 bytes)
Event: 0.826 Thread 0x0000000010d99800 nmethod 42 0x000000000285bf50 code [0x000000000285c0a0, 0x000000000285c588]
Event: 0.826 Thread 0x0000000010d99800   43   !         sun.nio.cs.StreamDecoder::ready (38 bytes)
Event: 0.828 Thread 0x0000000010d99800 nmethod 43 0x0000000002861e90 code [0x0000000002861fe0, 0x0000000002862448]
Event: 0.828 Thread 0x0000000010d99800   44             sun.nio.cs.UTF_8$Encoder::encodeArrayLoop (489 bytes)
Event: 0.840 Thread 0x0000000010d99800 nmethod 44 0x000000000285cfd0 code [0x000000000285d180, 0x000000000285db50]
Event: 0.840 Thread 0x0000000010d99800   45   !         com.zhixin.service.task.command.FFmpegHelper::executeFFmpegCommand (250 bytes)
Event: 0.852 Thread 0x0000000010d99800 nmethod 45 0x0000000002862b90 code [0x0000000002862e20, 0x0000000002863ae8]
Event: 0.859 Thread 0x0000000010d98000 nmethod 41 0x000000000286aa10 code [0x000000000286ad00, 0x000000000286d450]

GC Heap History (0 events):
No events

Deoptimization events (0 events):
No events

Internal exceptions (10 events):
Event: 0.403 Thread 0x00000000025ea800 Threw 0x00000007abdbcb10 at C:\re\jdk7u67\1368\hotspot\src\share\vm\prims\jvm.cpp:1244
Event: 0.457 Thread 0x00000000025ea800 Threw 0x00000007abde8648 at C:\re\jdk7u67\1368\hotspot\src\share\vm\prims\jvm.cpp:1244
Event: 0.460 Thread 0x00000000025ea800 Threw 0x00000007abdfcfd0 at C:\re\jdk7u67\1368\hotspot\src\share\vm\prims\jvm.cpp:1244
Event: 0.461 Thread 0x00000000025ea800 Threw 0x00000007abe07ab0 at C:\re\jdk7u67\1368\hotspot\src\share\vm\prims\jvm.cpp:1244
Event: 0.462 Thread 0x00000000025ea800 Threw 0x00000007abe13cf0 at C:\re\jdk7u67\1368\hotspot\src\share\vm\prims\jvm.cpp:1244
Event: 0.463 Thread 0x00000000025ea800 Threw 0x00000007abe20a10 at C:\re\jdk7u67\1368\hotspot\src\share\vm\prims\jvm.cpp:1244
Event: 0.464 Thread 0x00000000025ea800 Threw 0x00000007abe2c190 at C:\re\jdk7u67\1368\hotspot\src\share\vm\prims\jvm.cpp:1244
Event: 0.465 Thread 0x00000000025ea800 Threw 0x00000007abe3f0e8 at C:\re\jdk7u67\1368\hotspot\src\share\vm\prims\jvm.cpp:1244
Event: 0.467 Thread 0x00000000025ea800 Threw 0x00000007abe4bd38 at C:\re\jdk7u67\1368\hotspot\src\share\vm\prims\jvm.cpp:1244
Event: 0.468 Thread 0x00000000025ea800 Threw 0x00000007abe56dd0 at C:\re\jdk7u67\1368\hotspot\src\share\vm\prims\jvm.cpp:1244

Events (10 events):
Event: 38.458 Executing VM operation: GetCurrentLocation
Event: 38.458 Executing VM operation: GetCurrentLocation done
Event: 38.458 Executing VM operation: EnterInterpOnlyMode
Event: 38.458 Executing VM operation: EnterInterpOnlyMode done
Event: 38.458 Executing VM operation: ChangeSingleStep
Event: 38.458 Executing VM operation: ChangeSingleStep done
Event: 38.458 Executing VM operation: ChangeSingleStep
Event: 38.458 Executing VM operation: ChangeSingleStep done
Event: 38.463 Executing VM operation: RedefineClasses
Event: 38.464 Executing VM operation: RedefineClasses done


Dynamic libraries:
0x000000013fa30000 - 0x000000013fa63000 	C:\Program Files\Java\jdk1.7.0_67\bin\javaw.exe
0x00000000770b0000 - 0x0000000077259000 	C:\Windows\SYSTEM32\ntdll.dll
0x0000000076e90000 - 0x0000000076fb0000 	C:\Windows\system32\kernel32.dll
0x000007fefd350000 - 0x000007fefd3bc000 	C:\Windows\system32\KERNELBASE.dll
0x000007fefe690000 - 0x000007fefe76b000 	C:\Windows\system32\ADVAPI32.dll
0x000007fefd740000 - 0x000007fefd7df000 	C:\Windows\system32\msvcrt.dll
0x000007fefd720000 - 0x000007fefd73f000 	C:\Windows\SYSTEM32\sechost.dll
0x000007fefef90000 - 0x000007feff0bd000 	C:\Windows\system32\RPCRT4.dll
0x0000000076fb0000 - 0x00000000770aa000 	C:\Windows\system32\USER32.dll
0x000007fefef20000 - 0x000007fefef87000 	C:\Windows\system32\GDI32.dll
0x000007fefe950000 - 0x000007fefe95e000 	C:\Windows\system32\LPK.dll
0x000007fefea90000 - 0x000007fefeb5a000 	C:\Windows\system32\USP10.dll
0x000007fefba30000 - 0x000007fefbc24000 	C:\Windows\WinSxS\amd64_microsoft.windows.common-controls_6595b64144ccf1df_6.0.7601.18837_none_fa3b1e3d17594757\COMCTL32.dll
0x000007fefd6a0000 - 0x000007fefd711000 	C:\Windows\system32\SHLWAPI.dll
0x000007fefeb60000 - 0x000007fefeb8e000 	C:\Windows\system32\IMM32.DLL
0x000007feff250000 - 0x000007feff359000 	C:\Windows\system32\MSCTF.dll
0x0000000062720000 - 0x00000000627f2000 	C:\Program Files\Java\jdk1.7.0_67\jre\bin\msvcr100.dll
0x000000005b7d0000 - 0x000000005bfa2000 	C:\Program Files\Java\jdk1.7.0_67\jre\bin\server\jvm.dll
0x000007fef5440000 - 0x000007fef5449000 	C:\Windows\system32\WSOCK32.dll
0x000007fefe620000 - 0x000007fefe66d000 	C:\Windows\system32\WS2_32.dll
0x000007fefe610000 - 0x000007fefe618000 	C:\Windows\system32\NSI.dll
0x000007fefb090000 - 0x000007fefb0cb000 	C:\Windows\system32\WINMM.dll
0x0000000077270000 - 0x0000000077277000 	C:\Windows\system32\PSAPI.DLL
0x00000000735f0000 - 0x00000000735ff000 	C:\Program Files\Java\jdk1.7.0_67\jre\bin\verify.dll
0x0000000062cb0000 - 0x0000000062cd8000 	C:\Program Files\Java\jdk1.7.0_67\jre\bin\java.dll
0x0000000062b30000 - 0x0000000062b65000 	C:\Program Files\Java\jdk1.7.0_67\jre\bin\jdwp.dll
0x0000000073430000 - 0x0000000073438000 	C:\Program Files\Java\jdk1.7.0_67\jre\bin\npt.dll
0x0000000062a70000 - 0x0000000062a85000 	C:\Program Files\Java\jdk1.7.0_67\jre\bin\zip.dll
0x00000000724d0000 - 0x00000000724d9000 	C:\Program Files\Java\jdk1.7.0_67\jre\bin\dt_socket.dll
0x000007fefb0d0000 - 0x000007fefb0e5000 	C:\Windows\system32\NLAapi.dll
0x000007fef8440000 - 0x000007fef8455000 	C:\Windows\system32\napinsp.dll
0x000007fef83b0000 - 0x000007fef83c9000 	C:\Windows\system32\pnrpnsp.dll
0x000007fef8300000 - 0x000007fef8310000 	C:\Windows\system32\wshbth.dll
0x000007fefc820000 - 0x000007fefc875000 	C:\Windows\System32\mswsock.dll
0x000007fefc6a0000 - 0x000007fefc6fb000 	C:\Windows\system32\DNSAPI.dll
0x000007fef82f0000 - 0x000007fef82fb000 	C:\Windows\System32\winrnr.dll
0x000007fef99a0000 - 0x000007fef99c7000 	C:\Windows\system32\IPHLPAPI.DLL
0x000007fef9990000 - 0x000007fef999b000 	C:\Windows\system32\WINNSI.DLL
0x000007fef9820000 - 0x000007fef9873000 	C:\Windows\System32\fwpuclnt.dll
0x000007fef8bb0000 - 0x000007fef8bb8000 	C:\Windows\system32\rasadhlp.dll
0x000007fefc1c0000 - 0x000007fefc1c7000 	C:\Windows\System32\wshtcpip.dll
0x0000000072490000 - 0x00000000724a9000 	C:\Program Files\Java\jdk1.7.0_67\jre\bin\net.dll
0x000007fefc810000 - 0x000007fefc817000 	C:\Windows\System32\wship6.dll
0x000007fefce80000 - 0x000007fefced7000 	C:\Windows\system32\apphelp.dll
0x000007fefc880000 - 0x000007fefc897000 	C:\Windows\system32\CRYPTSP.dll
0x000007fefc580000 - 0x000007fefc5c7000 	C:\Windows\system32\rsaenh.dll
0x000007fefc2f0000 - 0x000007fefc30e000 	C:\Windows\system32\USERENV.dll
0x000007fefcfb0000 - 0x000007fefcfbf000 	C:\Windows\system32\profapi.dll
0x000007fefcee0000 - 0x000007fefceef000 	C:\Windows\system32\CRYPTBASE.dll
0x000007fef97a0000 - 0x000007fef97b8000 	C:\Windows\system32\dhcpcsvc.DLL
0x000007fef9780000 - 0x000007fef9791000 	C:\Windows\system32\dhcpcsvc6.DLL
0x0000000062a50000 - 0x0000000062a61000 	C:\Program Files\Java\jdk1.7.0_67\jre\bin\nio.dll
0x000007fef8be0000 - 0x000007fef8d05000 	C:\Windows\system32\dbghelp.dll

VM Arguments:
jvm_args: -agentlib:jdwp=transport=dt_socket,suspend=y,address=localhost:50809 -Dfile.encoding=UTF-8 
java_command: org.eclipse.jdt.internal.junit.runner.RemoteTestRunner -version 3 -port 47244 -testLoaderClass org.eclipse.jdt.internal.junit4.runner.JUnit4TestLoader -loaderpluginname org.eclipse.jdt.junit4.runtime -classNames com.zhixin.service.task.Test.MergeVedioCommandTest
Launcher Type: SUN_STANDARD

Environment Variables:
JAVA_HOME=C:\Program Files\Java\jdk1.7.0_67
CLASSPATH=.;C:\Program Files\Java\jdk1.7.0_67/lib;C:\Program Files\Java\jdk1.7.0_67/lib/dt.jar;C:\Program Files\Java\jdk1.7.0_67/lib/tools.jar;C:\download\mysql-connector-java-3.1.14 
PATH=C:\Program Files\Java\jdk1.7.0_67\jre\bin;C:/Program Files/Java/jdk1.7.0_67/bin/../jre/bin/server;C:/Program Files/Java/jdk1.7.0_67/bin/../jre/bin;C:/Program Files/Java/jdk1.7.0_67/bin/../jre/lib/amd64;C:\R3\project-V2\FGetFeatures\Release;C:\Program Files (x86)\SepanderSoft;C:\apache-maven-3.3.3-bin\bin;C:\Program Files\Java\jdk1.7.0_67/bin;C:\Program Files\Java\jdk1.7.0_67/jre/bin;C:\Windows\system32;C:\Windows;C:\Windows\System32\Wbem;C:\Windows\System32\WindowsPowerShell\v1.0\;c:\Program Files (x86)\Microsoft SQL Server\100\Tools\Binn\;c:\Program Files\Microsoft SQL Server\100\Tools\Binn\;c:\Program Files\Microsoft SQL Server\100\DTS\Binn\;MYSQL_HOME\bin;C:\Program Files (x86)\MySQL\MySQL Fabric 1.5 & MySQL Utilities 1.5\;C:\Program Files (x86)\MySQL\MySQL Fabric 1.5 & MySQL Utilities 1.5\Doctrine extensions for PHP\;;C:\eclipse;
USERNAME=pp
OS=Windows_NT
PROCESSOR_IDENTIFIER=Intel64 Family 6 Model 70 Stepping 1, GenuineIntel



---------------  S Y S T E M  ---------------

OS: Windows 7 , 64 bit Build 7601 Service Pack 1

CPU:total 8 (4 cores per cpu, 2 threads per core) family 6 model 70 stepping 1, cmov, cx8, fxsr, mmx, sse, sse2, sse3, ssse3, sse4.1, sse4.2, popcnt, avx, avx2, aes, erms, ht, tsc, tscinvbit

Memory: 4k page, physical 16683700k(11321744k free), swap 33365564k(25579304k free)

vm_info: Java HotSpot(TM) 64-Bit Server VM (24.65-b04) for windows-amd64 JRE (1.7.0_67-b01), built on Jul 25 2014 08:55:00 by "java_re" with unknown MS VC++:1600

time: Sun Jan 17 20:51:14 2016
elapsed time: 38 seconds

